<?xml version="1.0" encoding="UTF-8"?>
<!-- Generated by org.testng.reporters.JUnitReportReporter -->
<testsuite skipped="0" hostname="Admin-PC" name="com.coderdream.excavator.service.ExcavatorServiceTest" tests="1" failures="0" timestamp="22 九月 2017 09:23:39 GMT" time="1.225" errors="0">
  <testcase name="testGetIncomeAmount_01" time="1.225" classname="com.coderdream.excavator.service.ExcavatorServiceTest"/>
</testsuite> <!-- com.coderdream.excavator.service.ExcavatorServiceTest -->
