<?xml version="1.0" encoding="UTF-8"?>
<!-- Generated by org.testng.reporters.JUnitReportReporter -->
<testsuite skipped="0" hostname="Admin-PC" name="com.coderdream.excavator.service.ExcavatorServiceTest" tests="1" failures="0" timestamp="29 九月 2017 03:41:23 GMT" time="1.709" errors="0">
  <testcase name="testGetWorkDayAmount_03" time="1.709" classname="com.coderdream.excavator.service.ExcavatorServiceTest"/>
</testsuite> <!-- com.coderdream.excavator.service.ExcavatorServiceTest -->
