<?xml version="1.0" encoding="UTF-8"?>
<!-- Generated by org.testng.reporters.JUnitReportReporter -->
<testsuite skipped="0" hostname="Admin-PC" name="com.coderdream.util.DateUtilTest" tests="1" failures="0" timestamp="31 五月 2018 03:33:37 GMT" time="92.774" errors="0">
  <testcase name="getDayBetweenYear2017_06" time="92.774" classname="com.coderdream.util.DateUtilTest"/>
</testsuite> <!-- com.coderdream.util.DateUtilTest -->
