<?xml version="1.0" encoding="UTF-8"?>
<!-- Generated by org.testng.reporters.JUnitReportReporter -->
<testsuite skipped="0" hostname="Admin-PC" name="com.pdrc.IdleServiceTest" tests="1" failures="0" timestamp="01 六月 2018 01:05:12 GMT" time="144.092" errors="0">
  <testcase name="getTmMemberInfoList_01" time="144.092" classname="com.pdrc.IdleServiceTest"/>
</testsuite> <!-- com.pdrc.IdleServiceTest -->
