<?xml version="1.0" encoding="UTF-8"?>
<!-- Generated by org.testng.reporters.JUnitReportReporter -->
<testsuite skipped="0" hostname="DESKTOP-LPF6O7D" name="com.coderdream.excavator.service.ExcavatorServiceTest" tests="1" failures="0" timestamp="05 十月 2017 02:30:59 GMT" time="6.475" errors="0">
  <testcase name="testGetWorkDayAmountByMonth_01" time="6.475" classname="com.coderdream.excavator.service.ExcavatorServiceTest"/>
</testsuite> <!-- com.coderdream.excavator.service.ExcavatorServiceTest -->
