<?xml version="1.0" encoding="UTF-8"?>
<!-- Generated by org.testng.reporters.JUnitReportReporter -->
<testsuite skipped="0" hostname="Admin-PC" name="com.coderdream.util.ConnectionFactoryTest" tests="1" failures="0" timestamp="30 五月 2018 08:12:46 GMT" time="0.228" errors="0">
  <testcase name="execute_02" time="0.228" classname="com.coderdream.util.ConnectionFactoryTest"/>
</testsuite> <!-- com.coderdream.util.ConnectionFactoryTest -->
